<?xml version="1.0" encoding="UTF-8" ?>
<testsuites errors="1"
            failures="1"
            tests="1">

  <testsuite name="todo"
    errors="1" failures="1" hostname="" id="" package="todo" skipped="0"
    tests="1" time="7.861" timestamp="">
  
    <testcase name="Demo test todo-list" classname="todo" time="7.861" assertions="1">  <failure message="Testing if element &lt;.total-items&gt; contains text: &#34;共有2个&#34;. Element could not be located in 1000 ms. - expected [0;32m&#34;共有2个&#34;[0m but got: [0;31m&#34;null&#34;[0m">    at Object.Demo test todo-list (H:\Different_Classes\agilityWeb\react-todo-app\test\e2e\todo.js:13:15)
    at process._tickCallback (internal/process/next_tick.js:68:7)</failure>

    <failure message="    at Object.Demo test todo-list (H:\Different_Classes\agilityWeb\react-todo-app\test\e2e\todo.js:13:15)">    at process._tickCallback (internal/process/next_tick.js:68:7)</failure>
    </testcase>
  

  

  
  </testsuite>
</testsuites>
